<?xml version="1.0" encoding="UTF-8"?>
<!-- Generated by org.testng.reporters.JUnitReportReporter -->
<testsuite hostname="DHNPLAP180-rjoshi" failures="0" tests="1" name="org.test.FindElementsConcept" time="7.665" errors="0" timestamp="2024-12-10T11:17:51 GMT+05:45" skipped="0">
  <testcase classname="org.test.FindElementsConcept" name="elementsTest" time="7.665"/>
  <system-out/>
</testsuite> <!-- org.test.FindElementsConcept -->
