<?xml version="1.0" encoding="UTF-8"?>
<!-- Generated by org.testng.reporters.JUnitReportReporter -->
<testsuite hostname="DHNPLAP180-rjoshi" failures="0" tests="1" name="org.test.AuthPopUpHandle" time="12.328" errors="0" timestamp="2024-12-09T17:14:04 GMT+05:45" skipped="0">
  <testcase classname="org.test.AuthPopUpHandle" name="authPopTest" time="12.328"/>
  <system-out/>
</testsuite> <!-- org.test.AuthPopUpHandle -->
