<?xml version="1.0" encoding="UTF-8"?>
<!-- Generated by org.testng.reporters.JUnitReportReporter -->
<testsuite hostname="DHNPLAP180-rjoshi" failures="0" tests="1" name="org.test.SelectDropDownTest" time="15.165" errors="0" timestamp="2024-12-10T13:29:26 GMT+05:45" skipped="0">
  <testcase classname="org.test.SelectDropDownTest" name="userActions" time="15.165"/>
  <system-out/>
</testsuite> <!-- org.test.SelectDropDownTest -->
