<?xml version="1.0" encoding="UTF-8"?>
<!-- Generated by org.testng.reporters.JUnitReportReporter -->
<testsuite hostname="DHNPLAP180-rjoshi" failures="0" tests="1" name="org.test.closeBrowser" time="9.393" errors="0" timestamp="2024-12-09T13:43:51 GMT+05:45" skipped="0">
  <testcase classname="org.test.closeBrowser" name="closeBrowserTest" time="9.393"/>
  <system-out/>
</testsuite> <!-- org.test.closeBrowser -->
