<?xml version="1.0" encoding="UTF-8"?>
<!-- Generated by org.testng.reporters.JUnitReportReporter -->
<testsuite hostname="DHNPLAP180-rjoshi" failures="0" tests="3" name="org.test.UserActions" time="23.984" errors="0" timestamp="2024-12-10T14:24:13 GMT+05:45" skipped="0">
  <testcase classname="org.test.UserActions" name="moveToElement" time="7.896"/>
  <system-out/>
  <testcase classname="org.test.UserActions" name="dragAndDrop" time="6.519"/>
  <system-out/>
  <testcase classname="org.test.UserActions" name="rightclickTest" time="9.569"/>
  <system-out/>
</testsuite> <!-- org.test.UserActions -->
