<?xml version="1.0" encoding="UTF-8"?>
<!-- Generated by org.testng.reporters.JUnitReportReporter -->
<testsuite hostname="DHNPLAP180-rjoshi" failures="0" tests="1" name="org.test.WaitConcepts" time="10.457" errors="0" timestamp="2024-12-10T14:43:35 GMT+05:45" skipped="0">
  <testcase classname="org.test.WaitConcepts" name="waitTest" time="10.457"/>
  <system-out/>
</testsuite> <!-- org.test.WaitConcepts -->
