<?xml version="1.0" encoding="UTF-8"?>
<!-- Generated by org.testng.reporters.JUnitReportReporter -->
<testsuite hostname="DHNPLAP180-rjoshi" failures="0" tests="1" name="org.test.JsAlertPopUpHandle" time="8.922" errors="0" timestamp="2024-12-09T14:17:24 GMT+05:45" skipped="0">
  <testcase classname="org.test.JsAlertPopUpHandle" name="alterTest" time="8.922"/>
  <system-out/>
</testsuite> <!-- org.test.JsAlertPopUpHandle -->
