<?xml version="1.0" encoding="UTF-8"?>
<!-- Generated by org.testng.reporters.JUnitReportReporter -->
<testsuite hostname="DHNPLAP180-rjoshi" failures="0" tests="1" name="org.test.WebDriverRunnerTest" time="5.578" errors="0" timestamp="2024-12-09T14:06:59 GMT+05:45" skipped="0">
  <testcase classname="org.test.WebDriverRunnerTest" name="mtTest" time="5.578"/>
  <system-out/>
</testsuite> <!-- org.test.WebDriverRunnerTest -->
