<?xml version="1.0" encoding="UTF-8"?>
<!-- Generated by org.testng.reporters.JUnitReportReporter -->
<testsuite hostname="DHNPLAP180-rjoshi" failures="0" tests="1" name="org.test.HandleFrames" time="13.000" errors="0" timestamp="2024-12-09T15:00:42 GMT+05:45" skipped="0">
  <testcase classname="org.test.HandleFrames" name="fromTest" time="13.000"/>
  <system-out/>
</testsuite> <!-- org.test.HandleFrames -->
