<?xml version="1.0" encoding="UTF-8"?>
<!-- Generated by org.testng.reporters.JUnitReportReporter -->
<testsuite hostname="DHNPLAP180-rjoshi" failures="0" tests="1" name="org.test.FindElementsFromFooter" time="10.448" errors="0" timestamp="2024-12-10T11:43:07 GMT+05:45" skipped="0">
  <testcase classname="org.test.FindElementsFromFooter" name="footerTest" time="10.448"/>
  <system-out/>
</testsuite> <!-- org.test.FindElementsFromFooter -->
