<?xml version="1.0" encoding="UTF-8"?>
<!-- Generated by org.testng.reporters.JUnitReportReporter -->
<testsuite hostname="DHNPLAP180-rjoshi" failures="0" tests="1" name="org.test.FindElementsFromFooter" time="7.145" errors="0" timestamp="2024-12-10T13:06:52 GMT+05:45" skipped="0">
  <testcase classname="org.test.FindElementsFromFooter" name="footerTest" time="7.145"/>
  <system-out/>
</testsuite> <!-- org.test.FindElementsFromFooter -->
